{"C:\\Tyescript\\unittestdemo\\src\\Componens\\Button.tsx": {"path":"C:\\Tyescript\\unittestdemo\\src\\Componens\\Button.tsx","all":false,"statementMap":{"0":{"start":{"line":1,"column":0},"end":{"line":1,"column":26}},"7":{"start":{"line":8,"column":0},"end":{"line":8,"column":70}},"8":{"start":{"line":9,"column":0},"end":{"line":9,"column":52}},"9":{"start":{"line":10,"column":0},"end":{"line":10,"column":2}}},"s":{"0":1,"7":1,"8":2,"9":2},"branchMap":{"0":{"type":"branch","line":8,"loc":{"start":{"line":8,"column":45},"end":{"line":10,"column":2}},"locations":[{"start":{"line":8,"column":45},"end":{"line":10,"column":2}}]}},"b":{"0":[2]},"fnMap":{"0":{"name":"Button","decl":{"start":{"line":8,"column":45},"end":{"line":10,"column":2}},"loc":{"start":{"line":8,"column":45},"end":{"line":10,"column":2}},"line":8}},"f":{"0":2}}
}
